2025-02-28T16:11:37.533+05:30  INFO 22200 --- [UC6_EmployeePayroll] [main] c.e.U.Uc6EmployeePayrollApplication      : Starting Uc6EmployeePayrollApplication using Java 23.0.2 with PID 22200 (C:\UC6_EmployeePayroll\target\classes started by kalpe in C:\UC6_EmployeePayroll)
2025-02-28T16:11:37.535+05:30  INFO 22200 --- [UC6_EmployeePayroll] [main] c.e.U.Uc6EmployeePayrollApplication      : No active profile set, falling back to 1 default profile: "default"
2025-02-28T16:11:39.102+05:30  INFO 22200 --- [UC6_EmployeePayroll] [main] .s.d.r.c.RepositoryConfigurationDelegate : Bootstrapping Spring Data JPA repositories in DEFAULT mode.
2025-02-28T16:11:39.142+05:30  INFO 22200 --- [UC6_EmployeePayroll] [main] .s.d.r.c.RepositoryConfigurationDelegate : Finished Spring Data repository scanning in 21 ms. Found 0 JPA repository interfaces.
2025-02-28T16:11:40.383+05:30  INFO 22200 --- [UC6_EmployeePayroll] [main] o.s.b.w.embedded.tomcat.TomcatWebServer  : Tomcat initialized with port 8090 (http)
2025-02-28T16:11:40.412+05:30  INFO 22200 --- [UC6_EmployeePayroll] [main] o.apache.catalina.core.StandardService   : Starting service [Tomcat]
2025-02-28T16:11:40.412+05:30  INFO 22200 --- [UC6_EmployeePayroll] [main] o.apache.catalina.core.StandardEngine    : Starting Servlet engine: [Apache Tomcat/10.1.36]
2025-02-28T16:11:40.528+05:30  INFO 22200 --- [UC6_EmployeePayroll] [main] o.a.c.c.C.[Tomcat].[localhost].[/]       : Initializing Spring embedded WebApplicationContext
2025-02-28T16:11:40.529+05:30  INFO 22200 --- [UC6_EmployeePayroll] [main] w.s.c.ServletWebServerApplicationContext : Root WebApplicationContext: initialization completed in 2846 ms
2025-02-28T16:11:40.883+05:30  INFO 22200 --- [UC6_EmployeePayroll] [main] com.zaxxer.hikari.HikariDataSource       : HikariPool-1 - Starting...
2025-02-28T16:11:41.580+05:30  INFO 22200 --- [UC6_EmployeePayroll] [main] com.zaxxer.hikari.pool.HikariPool        : HikariPool-1 - Added connection conn0: url=jdbc:h2:mem:employeedb user=SA
2025-02-28T16:11:41.583+05:30  INFO 22200 --- [UC6_EmployeePayroll] [main] com.zaxxer.hikari.HikariDataSource       : HikariPool-1 - Start completed.
2025-02-28T16:11:41.733+05:30  INFO 22200 --- [UC6_EmployeePayroll] [main] o.hibernate.jpa.internal.util.LogHelper  : HHH000204: Processing PersistenceUnitInfo [name: default]
2025-02-28T16:11:41.927+05:30  INFO 22200 --- [UC6_EmployeePayroll] [main] org.hibernate.Version                    : HHH000412: Hibernate ORM core version 6.6.8.Final
2025-02-28T16:11:42.040+05:30  INFO 22200 --- [UC6_EmployeePayroll] [main] o.h.c.internal.RegionFactoryInitiator    : HHH000026: Second-level cache disabled
2025-02-28T16:11:42.774+05:30  INFO 22200 --- [UC6_EmployeePayroll] [main] o.s.o.j.p.SpringPersistenceUnitInfo      : No LoadTimeWeaver setup: ignoring JPA class transformer
2025-02-28T16:11:42.866+05:30  WARN 22200 --- [UC6_EmployeePayroll] [main] org.hibernate.orm.deprecation            : HHH90000025: H2Dialect does not need to be specified explicitly using 'hibernate.dialect' (remove the property setting and it will be selected by default)
2025-02-28T16:11:42.898+05:30  INFO 22200 --- [UC6_EmployeePayroll] [main] org.hibernate.orm.connections.pooling    : HHH10001005: Database info:
	Database JDBC URL [Connecting through datasource 'HikariDataSource (HikariPool-1)']
	Database driver: undefined/unknown
	Database version: 2.3.232
	Autocommit mode: undefined/unknown
	Isolation level: undefined/unknown
	Minimum pool size: undefined/unknown
	Maximum pool size: undefined/unknown
2025-02-28T16:11:44.031+05:30  INFO 22200 --- [UC6_EmployeePayroll] [main] o.h.e.t.j.p.i.JtaPlatformInitiator       : HHH000489: No JTA platform available (set 'hibernate.transaction.jta.platform' to enable JTA platform integration)
2025-02-28T16:11:44.074+05:30  INFO 22200 --- [UC6_EmployeePayroll] [main] j.LocalContainerEntityManagerFactoryBean : Initialized JPA EntityManagerFactory for persistence unit 'default'
2025-02-28T16:11:44.211+05:30  WARN 22200 --- [UC6_EmployeePayroll] [main] JpaBaseConfiguration$JpaWebConfiguration : spring.jpa.open-in-view is enabled by default. Therefore, database queries may be performed during view rendering. Explicitly configure spring.jpa.open-in-view to disable this warning
2025-02-28T16:11:45.074+05:30  INFO 22200 --- [UC6_EmployeePayroll] [main] o.s.b.a.h2.H2ConsoleAutoConfiguration    : H2 console available at '/h2-console'. Database available at 'jdbc:h2:mem:employeedb'
2025-02-28T16:11:45.236+05:30  INFO 22200 --- [UC6_EmployeePayroll] [main] o.s.b.w.embedded.tomcat.TomcatWebServer  : Tomcat started on port 8090 (http) with context path '/'
2025-02-28T16:11:45.251+05:30  INFO 22200 --- [UC6_EmployeePayroll] [main] c.e.U.Uc6EmployeePayrollApplication      : Started Uc6EmployeePayrollApplication in 8.515 seconds (process running for 10.693)
